2024.11.22 15:05:19 INFO  Started: Metals version 1.4.1 in folders '/home/hugo/Documents/cloud_data/actors' for client Visual Studio Code 1.95.3.
2024.11.22 15:05:20 WARN  Flyway upgrade recommended: H2 2.3.232 is newer than this version of Flyway and support has not been tested. The latest supported version of H2 is 2.2.224.
2024.11.22 15:05:21 INFO  no build target found for /home/hugo/Documents/cloud_data/actors/project/plugins.sbt. Using presentation compiler with project's scala-library version: 3.3.4
2024.11.22 15:05:22 INFO  no build target found for /home/hugo/Documents/cloud_data/actors/project/plugins.sbt. Using presentation compiler with project's scala-library version: 3.3.4
2024.11.22 15:05:22 WARN  Could not find semantic tokens for: file:///home/hugo/Documents/cloud_data/actors/project/plugins.sbt
2024.11.22 15:05:33 INFO  no build target found for /home/hugo/Documents/cloud_data/actors/project/plugins.sbt. Using presentation compiler with project's scala-library version: 3.3.4
2024.11.22 15:06:27 INFO  running '/home/hugo/.local/share/coursier/bin/sbt -Dbloop.export-jar-classifiers=sources bloopInstall'
2024.11.22 15:06:27 WARN  no build target for: /home/hugo/Documents/cloud_data/actors/project/project/metals.sbt
2024.11.22 15:06:27 WARN  no build target for: /home/hugo/Documents/cloud_data/actors/project/metals.sbt
2024.11.22 15:06:27 INFO  no build target found for /home/hugo/Documents/cloud_data/actors/project/metals.sbt. Using presentation compiler with project's scala-library version: 3.3.4
2024.11.22 15:06:28 INFO  no build target found for /home/hugo/Documents/cloud_data/actors/project/project/metals.sbt. Using presentation compiler with project's scala-library version: 3.3.4
2024.11.22 15:06:29 INFO  [info] welcome to sbt 1.10.5 (Ubuntu Java 21.0.4)
2024.11.22 15:06:31 INFO  [info] loading settings for project actors-build-build-build from metals.sbt ...
2024.11.22 15:06:31 INFO  [info] loading project definition from /home/hugo/Documents/cloud_data/actors/project/project/project
2024.11.22 15:06:34 INFO  [info] loading settings for project actors-build-build from metals.sbt ...
2024.11.22 15:06:34 INFO  [info] loading project definition from /home/hugo/Documents/cloud_data/actors/project/project
2024.11.22 15:06:36 INFO  [success] Generated .bloop/actors-build-build.json
2024.11.22 15:06:36 INFO  [success] Total time: 2 s, completed Nov 22, 2024, 3:06:36 PM
2024.11.22 15:06:36 INFO  [info] loading settings for project actors-build from metals.sbt,plugins.sbt ...
2024.11.22 15:06:37 INFO  [info] loading project definition from /home/hugo/Documents/cloud_data/actors/project
2024.11.22 15:06:38 INFO  [success] Generated .bloop/actors-build.json
2024.11.22 15:06:38 INFO  [success] Total time: 1 s, completed Nov 22, 2024, 3:06:38 PM
2024.11.22 15:06:40 INFO  [info] loading settings for project root from build.sbt ...
2024.11.22 15:06:40 INFO  [info] set current project to tp-actors (in build file:/home/hugo/Documents/cloud_data/actors/)
2024.11.22 15:06:40 INFO  [warn] there's a key that's not used by any other settings/tasks:
2024.11.22 15:06:40 INFO  [warn]  
2024.11.22 15:06:40 INFO  [warn] * root / idePackagePrefix
2024.11.22 15:06:40 INFO  [warn]   +- /home/hugo/Documents/cloud_data/actors/build.sbt:11
2024.11.22 15:06:40 INFO  [warn]  
2024.11.22 15:06:40 INFO  [warn] note: a setting might still be used by a command; to exclude a key from this `lintUnused` check
2024.11.22 15:06:40 INFO  [warn] either append it to `Global / excludeLintKeys` or call .withRank(KeyRanks.Invisible) on the key
2024.11.22 15:06:40 INFO  [success] Generated .bloop/root-test.json
2024.11.22 15:06:40 INFO  [success] Generated .bloop/root.json
2024.11.22 15:06:40 INFO  [success] Total time: 1 s, completed Nov 22, 2024, 3:06:41 PM
2024.11.22 15:06:41 INFO  time: ran 'sbt bloopInstall' in 13s
2024.11.22 15:06:41 INFO  Attempting to connect to the build server...
2024.11.22 15:06:41 INFO  Found a Bloop server running
2024.11.22 15:06:41 INFO  tracing is disabled for protocol BSP, to enable tracing of incoming and outgoing JSON messages create an empty file at /home/hugo/Documents/cloud_data/actors/.metals/bsp.trace.json or /home/hugo/.cache/metals/bsp.trace.json
2024.11.22 15:06:41 INFO  Attempting to connect to the build server...
2024.11.22 15:06:41 INFO  Found a Bloop server running
2024.11.22 15:06:41 INFO  Attempting to connect to the build server...
2024.11.22 15:06:41 INFO  Found a Bloop server running
2024.11.22 15:06:41 INFO  tracing is disabled for protocol BSP, to enable tracing of incoming and outgoing JSON messages create an empty file at /home/hugo/Documents/cloud_data/actors/project/project/.metals/bsp.trace.json or /home/hugo/.cache/metals/bsp.trace.json
2024.11.22 15:06:41 INFO  tracing is disabled for protocol BSP, to enable tracing of incoming and outgoing JSON messages create an empty file at /home/hugo/Documents/cloud_data/actors/project/.metals/bsp.trace.json or /home/hugo/.cache/metals/bsp.trace.json
2024.11.22 15:06:41 INFO  time: Connected to build server in 0.32s
2024.11.22 15:06:41 INFO  Connected to Build server: Bloop v2.0.5
2024.11.22 15:06:42 INFO  running doctor check
2024.11.22 15:06:42 INFO  java targets: actors-build, root-test, actors-build-build, root
2024.11.22 15:06:44 WARN  Could not find java sources in /usr/lib/jvm/src.zip, /usr/lib/jvm/lib/src.zip, /usr/lib/jvm/java-21-openjdk-amd64/src.zip, /usr/lib/jvm/java-21-openjdk-amd64/lib/src.zip. Java symbols will not be available.
2024.11.22 15:06:51 WARN  Could not find java sources in /usr/lib/jvm/src.zip, /usr/lib/jvm/lib/src.zip, /usr/lib/jvm/java-21-openjdk-amd64/src.zip, /usr/lib/jvm/java-21-openjdk-amd64/lib/src.zip. Java symbols will not be available.
2024.11.22 15:06:51 INFO  time: indexed workspace in 9.06s
2024.11.22 15:06:53 INFO  time: code lens generation in 2.55s
